2024-07-10T05:48:34+00:00 INFO Activation running...
Context: {
    "source": "activecampaign-for-woocommerce",
    "version": "2.7.4",
    "request_id": "ac_woocommerce_668e20b2ed8c28.75162113"
} CONTEXT: {"version":"2.7.4","request_id":"ac_woocommerce_668e20b2ed8c28.75162113"}
2024-07-10T05:48:34+00:00 INFO Finished ActiveCampaign for WooCommerce plugin activation.
Context: {
    "source": "activecampaign-for-woocommerce",
    "version": "2.7.4",
    "request_id": "ac_woocommerce_668e20b2ed8c28.75162113"
} CONTEXT: {"version":"2.7.4","request_id":"ac_woocommerce_668e20b2ed8c28.75162113"}
2024-07-10T05:48:36+00:00 WARNING You may not have the plan level necessary to access all features in the ActiveCampaign plugin. Please verify your ActiveCampaign account.
Context: {
    "source": "activecampaign-for-woocommerce",
    "version": "2.7.4",
    "request_id": "ac_woocommerce_668e20b4c4bc91.80682292"
} CONTEXT: {"version":"2.7.4","request_id":"ac_woocommerce_668e20b4c4bc91.80682292"}
2024-07-10T05:48:36+00:00 WARNING You may not have the plan level necessary to access all features in the ActiveCampaign plugin. Please verify your ActiveCampaign account.
Context: {
    "source": "activecampaign-for-woocommerce",
    "version": "2.7.4",
    "request_id": "ac_woocommerce_668e20b4c4bc91.80682292"
} CONTEXT: {"version":"2.7.4","request_id":"ac_woocommerce_668e20b4c4bc91.80682292"}
2024-07-10T05:48:37+00:00 WARNING You may not have the plan level necessary to access all features in the ActiveCampaign plugin. Please verify your ActiveCampaign account.
Context: {
    "source": "activecampaign-for-woocommerce",
    "version": "2.7.4",
    "request_id": "ac_woocommerce_668e20b5210589.39907037"
} CONTEXT: {"version":"2.7.4","request_id":"ac_woocommerce_668e20b5210589.39907037"}
2024-07-10T05:48:37+00:00 WARNING You may not have the plan level necessary to access all features in the ActiveCampaign plugin. Please verify your ActiveCampaign account.
Context: {
    "source": "activecampaign-for-woocommerce",
    "version": "2.7.4",
    "request_id": "ac_woocommerce_668e20b5210589.39907037"
} CONTEXT: {"version":"2.7.4","request_id":"ac_woocommerce_668e20b5210589.39907037"}
2024-07-10T05:48:40+00:00 WARNING You may not have the plan level necessary to access all features in the ActiveCampaign plugin. Please verify your ActiveCampaign account.
Context: {
    "source": "activecampaign-for-woocommerce",
    "version": "2.7.4",
    "request_id": "ac_woocommerce_668e20b87899c1.35629240"
} CONTEXT: {"version":"2.7.4","request_id":"ac_woocommerce_668e20b87899c1.35629240"}
2024-07-10T05:48:40+00:00 WARNING You may not have the plan level necessary to access all features in the ActiveCampaign plugin. Please verify your ActiveCampaign account.
Context: {
    "source": "activecampaign-for-woocommerce",
    "version": "2.7.4",
    "request_id": "ac_woocommerce_668e20b87899c1.35629240"
} CONTEXT: {"version":"2.7.4","request_id":"ac_woocommerce_668e20b87899c1.35629240"}
2024-07-10T05:48:42+00:00 WARNING You may not have the plan level necessary to access all features in the ActiveCampaign plugin. Please verify your ActiveCampaign account.
Context: {
    "source": "activecampaign-for-woocommerce",
    "version": "2.7.4",
    "request_id": "ac_woocommerce_668e20bad62834.63945245"
} CONTEXT: {"version":"2.7.4","request_id":"ac_woocommerce_668e20bad62834.63945245"}
2024-07-10T05:48:42+00:00 WARNING You may not have the plan level necessary to access all features in the ActiveCampaign plugin. Please verify your ActiveCampaign account.
Context: {
    "source": "activecampaign-for-woocommerce",
    "version": "2.7.4",
    "request_id": "ac_woocommerce_668e20bad62834.63945245"
} CONTEXT: {"version":"2.7.4","request_id":"ac_woocommerce_668e20bad62834.63945245"}
2024-07-10T05:48:45+00:00 WARNING You may not have the plan level necessary to access all features in the ActiveCampaign plugin. Please verify your ActiveCampaign account.
Context: {
    "source": "activecampaign-for-woocommerce",
    "version": "2.7.4",
    "request_id": "ac_woocommerce_668e20bd8395d2.96929015"
} CONTEXT: {"version":"2.7.4","request_id":"ac_woocommerce_668e20bd8395d2.96929015"}
2024-07-10T05:48:45+00:00 WARNING You may not have the plan level necessary to access all features in the ActiveCampaign plugin. Please verify your ActiveCampaign account.
Context: {
    "source": "activecampaign-for-woocommerce",
    "version": "2.7.4",
    "request_id": "ac_woocommerce_668e20bd8395d2.96929015"
} CONTEXT: {"version":"2.7.4","request_id":"ac_woocommerce_668e20bd8395d2.96929015"}
2024-07-10T05:49:12+00:00 WARNING You may not have the plan level necessary to access all features in the ActiveCampaign plugin. Please verify your ActiveCampaign account.
Context: {
    "source": "activecampaign-for-woocommerce",
    "version": "2.7.4",
    "request_id": "ac_woocommerce_668e20d8956348.68996580"
} CONTEXT: {"version":"2.7.4","request_id":"ac_woocommerce_668e20d8956348.68996580"}
2024-07-10T05:49:12+00:00 WARNING You may not have the plan level necessary to access all features in the ActiveCampaign plugin. Please verify your ActiveCampaign account.
Context: {
    "source": "activecampaign-for-woocommerce",
    "version": "2.7.4",
    "request_id": "ac_woocommerce_668e20d8956348.68996580"
} CONTEXT: {"version":"2.7.4","request_id":"ac_woocommerce_668e20d8956348.68996580"}
2024-07-10T05:49:14+00:00 WARNING You may not have the plan level necessary to access all features in the ActiveCampaign plugin. Please verify your ActiveCampaign account.
Context: {
    "source": "activecampaign-for-woocommerce",
    "version": "2.7.4",
    "request_id": "ac_woocommerce_668e20daa5e8e9.71233700"
} CONTEXT: {"version":"2.7.4","request_id":"ac_woocommerce_668e20daa5e8e9.71233700"}
2024-07-10T05:49:14+00:00 WARNING You may not have the plan level necessary to access all features in the ActiveCampaign plugin. Please verify your ActiveCampaign account.
Context: {
    "source": "activecampaign-for-woocommerce",
    "version": "2.7.4",
    "request_id": "ac_woocommerce_668e20daa5e8e9.71233700"
} CONTEXT: {"version":"2.7.4","request_id":"ac_woocommerce_668e20daa5e8e9.71233700"}
2024-07-10T05:49:16+00:00 WARNING You may not have the plan level necessary to access all features in the ActiveCampaign plugin. Please verify your ActiveCampaign account.
Context: {
    "source": "activecampaign-for-woocommerce",
    "version": "2.7.4",
    "request_id": "ac_woocommerce_668e20dc1132a2.92498349"
} CONTEXT: {"version":"2.7.4","request_id":"ac_woocommerce_668e20dc1132a2.92498349"}
2024-07-10T05:49:16+00:00 WARNING You may not have the plan level necessary to access all features in the ActiveCampaign plugin. Please verify your ActiveCampaign account.
Context: {
    "source": "activecampaign-for-woocommerce",
    "version": "2.7.4",
    "request_id": "ac_woocommerce_668e20dc1132a2.92498349"
} CONTEXT: {"version":"2.7.4","request_id":"ac_woocommerce_668e20dc1132a2.92498349"}
2024-07-10T05:49:17+00:00 WARNING You may not have the plan level necessary to access all features in the ActiveCampaign plugin. Please verify your ActiveCampaign account.
Context: {
    "source": "activecampaign-for-woocommerce",
    "version": "2.7.4",
    "request_id": "ac_woocommerce_668e20dd3686a5.88712263"
} CONTEXT: {"version":"2.7.4","request_id":"ac_woocommerce_668e20dd3686a5.88712263"}
2024-07-10T05:49:17+00:00 WARNING You may not have the plan level necessary to access all features in the ActiveCampaign plugin. Please verify your ActiveCampaign account.
Context: {
    "source": "activecampaign-for-woocommerce",
    "version": "2.7.4",
    "request_id": "ac_woocommerce_668e20dd3686a5.88712263"
} CONTEXT: {"version":"2.7.4","request_id":"ac_woocommerce_668e20dd3686a5.88712263"}
2024-07-10T05:49:23+00:00 WARNING You may not have the plan level necessary to access all features in the ActiveCampaign plugin. Please verify your ActiveCampaign account.
Context: {
    "source": "activecampaign-for-woocommerce",
    "version": "2.7.4",
    "request_id": "ac_woocommerce_668e20e3d0bbd5.33431256"
} CONTEXT: {"version":"2.7.4","request_id":"ac_woocommerce_668e20e3d0bbd5.33431256"}
2024-07-10T05:49:23+00:00 WARNING You may not have the plan level necessary to access all features in the ActiveCampaign plugin. Please verify your ActiveCampaign account.
Context: {
    "source": "activecampaign-for-woocommerce",
    "version": "2.7.4",
    "request_id": "ac_woocommerce_668e20e3d0bbd5.33431256"
} CONTEXT: {"version":"2.7.4","request_id":"ac_woocommerce_668e20e3d0bbd5.33431256"}
2024-07-10T05:49:32+00:00 WARNING You may not have the plan level necessary to access all features in the ActiveCampaign plugin. Please verify your ActiveCampaign account.
Context: {
    "source": "activecampaign-for-woocommerce",
    "version": "2.7.4",
    "request_id": "ac_woocommerce_668e20ec2044f6.38150924"
} CONTEXT: {"version":"2.7.4","request_id":"ac_woocommerce_668e20ec2044f6.38150924"}
2024-07-10T05:49:32+00:00 WARNING You may not have the plan level necessary to access all features in the ActiveCampaign plugin. Please verify your ActiveCampaign account.
Context: {
    "source": "activecampaign-for-woocommerce",
    "version": "2.7.4",
    "request_id": "ac_woocommerce_668e20ec2044f6.38150924"
} CONTEXT: {"version":"2.7.4","request_id":"ac_woocommerce_668e20ec2044f6.38150924"}
2024-07-10T05:49:35+00:00 WARNING You may not have the plan level necessary to access all features in the ActiveCampaign plugin. Please verify your ActiveCampaign account.
Context: {
    "source": "activecampaign-for-woocommerce",
    "version": "2.7.4",
    "request_id": "ac_woocommerce_668e20ef0d5713.67283611"
} CONTEXT: {"version":"2.7.4","request_id":"ac_woocommerce_668e20ef0d5713.67283611"}
2024-07-10T05:49:35+00:00 WARNING You may not have the plan level necessary to access all features in the ActiveCampaign plugin. Please verify your ActiveCampaign account.
Context: {
    "source": "activecampaign-for-woocommerce",
    "version": "2.7.4",
    "request_id": "ac_woocommerce_668e20ef0d5713.67283611"
} CONTEXT: {"version":"2.7.4","request_id":"ac_woocommerce_668e20ef0d5713.67283611"}
2024-07-10T05:49:46+00:00 WARNING You may not have the plan level necessary to access all features in the ActiveCampaign plugin. Please verify your ActiveCampaign account.
Context: {
    "source": "activecampaign-for-woocommerce",
    "version": "2.7.4",
    "request_id": "ac_woocommerce_668e20fa0f81f1.43068769"
} CONTEXT: {"version":"2.7.4","request_id":"ac_woocommerce_668e20fa0f81f1.43068769"}
2024-07-10T05:49:46+00:00 WARNING You may not have the plan level necessary to access all features in the ActiveCampaign plugin. Please verify your ActiveCampaign account.
Context: {
    "source": "activecampaign-for-woocommerce",
    "version": "2.7.4",
    "request_id": "ac_woocommerce_668e20fa0f81f1.43068769"
} CONTEXT: {"version":"2.7.4","request_id":"ac_woocommerce_668e20fa0f81f1.43068769"}
2024-07-10T05:50:09+00:00 WARNING You may not have the plan level necessary to access all features in the ActiveCampaign plugin. Please verify your ActiveCampaign account.
Context: {
    "source": "activecampaign-for-woocommerce",
    "version": "2.7.4",
    "request_id": "ac_woocommerce_668e21117bb918.98895886"
} CONTEXT: {"version":"2.7.4","request_id":"ac_woocommerce_668e21117bb918.98895886"}
2024-07-10T05:50:09+00:00 WARNING You may not have the plan level necessary to access all features in the ActiveCampaign plugin. Please verify your ActiveCampaign account.
Context: {
    "source": "activecampaign-for-woocommerce",
    "version": "2.7.4",
    "request_id": "ac_woocommerce_668e21117bb918.98895886"
} CONTEXT: {"version":"2.7.4","request_id":"ac_woocommerce_668e21117bb918.98895886"}
2024-07-10T05:50:11+00:00 WARNING You may not have the plan level necessary to access all features in the ActiveCampaign plugin. Please verify your ActiveCampaign account.
Context: {
    "source": "activecampaign-for-woocommerce",
    "version": "2.7.4",
    "request_id": "ac_woocommerce_668e2113c4b8a9.26463878"
} CONTEXT: {"version":"2.7.4","request_id":"ac_woocommerce_668e2113c4b8a9.26463878"}
2024-07-10T05:50:11+00:00 WARNING You may not have the plan level necessary to access all features in the ActiveCampaign plugin. Please verify your ActiveCampaign account.
Context: {
    "source": "activecampaign-for-woocommerce",
    "version": "2.7.4",
    "request_id": "ac_woocommerce_668e2113c4b8a9.26463878"
} CONTEXT: {"version":"2.7.4","request_id":"ac_woocommerce_668e2113c4b8a9.26463878"}
2024-07-10T05:50:43+00:00 WARNING You may not have the plan level necessary to access all features in the ActiveCampaign plugin. Please verify your ActiveCampaign account.
Context: {
    "source": "activecampaign-for-woocommerce",
    "version": "2.7.4",
    "request_id": "ac_woocommerce_668e213388c192.81169460"
} CONTEXT: {"version":"2.7.4","request_id":"ac_woocommerce_668e213388c192.81169460"}
2024-07-10T05:50:43+00:00 WARNING You may not have the plan level necessary to access all features in the ActiveCampaign plugin. Please verify your ActiveCampaign account.
Context: {
    "source": "activecampaign-for-woocommerce",
    "version": "2.7.4",
    "request_id": "ac_woocommerce_668e213388c192.81169460"
} CONTEXT: {"version":"2.7.4","request_id":"ac_woocommerce_668e213388c192.81169460"}
2024-07-10T05:50:47+00:00 WARNING You may not have the plan level necessary to access all features in the ActiveCampaign plugin. Please verify your ActiveCampaign account.
Context: {
    "source": "activecampaign-for-woocommerce",
    "version": "2.7.4",
    "request_id": "ac_woocommerce_668e2137294483.93333715"
} CONTEXT: {"version":"2.7.4","request_id":"ac_woocommerce_668e2137294483.93333715"}
2024-07-10T05:50:47+00:00 WARNING You may not have the plan level necessary to access all features in the ActiveCampaign plugin. Please verify your ActiveCampaign account.
Context: {
    "source": "activecampaign-for-woocommerce",
    "version": "2.7.4",
    "request_id": "ac_woocommerce_668e2137294483.93333715"
} CONTEXT: {"version":"2.7.4","request_id":"ac_woocommerce_668e2137294483.93333715"}
2024-07-10T05:51:33+00:00 WARNING You may not have the plan level necessary to access all features in the ActiveCampaign plugin. Please verify your ActiveCampaign account.
Context: {
    "source": "activecampaign-for-woocommerce",
    "version": "2.7.4",
    "request_id": "ac_woocommerce_668e216519cc24.73533026"
} CONTEXT: {"version":"2.7.4","request_id":"ac_woocommerce_668e216519cc24.73533026"}
2024-07-10T05:51:33+00:00 WARNING You may not have the plan level necessary to access all features in the ActiveCampaign plugin. Please verify your ActiveCampaign account.
Context: {
    "source": "activecampaign-for-woocommerce",
    "version": "2.7.4",
    "request_id": "ac_woocommerce_668e216519cc24.73533026"
} CONTEXT: {"version":"2.7.4","request_id":"ac_woocommerce_668e216519cc24.73533026"}
2024-07-10T05:51:35+00:00 WARNING You may not have the plan level necessary to access all features in the ActiveCampaign plugin. Please verify your ActiveCampaign account.
Context: {
    "source": "activecampaign-for-woocommerce",
    "version": "2.7.4",
    "request_id": "ac_woocommerce_668e21673e6a93.76531896"
} CONTEXT: {"version":"2.7.4","request_id":"ac_woocommerce_668e21673e6a93.76531896"}
2024-07-10T05:51:35+00:00 WARNING You may not have the plan level necessary to access all features in the ActiveCampaign plugin. Please verify your ActiveCampaign account.
Context: {
    "source": "activecampaign-for-woocommerce",
    "version": "2.7.4",
    "request_id": "ac_woocommerce_668e21673e6a93.76531896"
} CONTEXT: {"version":"2.7.4","request_id":"ac_woocommerce_668e21673e6a93.76531896"}
2024-07-10T05:51:36+00:00 WARNING You may not have the plan level necessary to access all features in the ActiveCampaign plugin. Please verify your ActiveCampaign account.
Context: {
    "source": "activecampaign-for-woocommerce",
    "version": "2.7.4",
    "request_id": "ac_woocommerce_668e21683c6411.83847382"
} CONTEXT: {"version":"2.7.4","request_id":"ac_woocommerce_668e21683c6411.83847382"}
2024-07-10T05:51:36+00:00 WARNING You may not have the plan level necessary to access all features in the ActiveCampaign plugin. Please verify your ActiveCampaign account.
Context: {
    "source": "activecampaign-for-woocommerce",
    "version": "2.7.4",
    "request_id": "ac_woocommerce_668e21683c6411.83847382"
} CONTEXT: {"version":"2.7.4","request_id":"ac_woocommerce_668e21683c6411.83847382"}
2024-07-10T05:51:37+00:00 WARNING You may not have the plan level necessary to access all features in the ActiveCampaign plugin. Please verify your ActiveCampaign account.
Context: {
    "source": "activecampaign-for-woocommerce",
    "version": "2.7.4",
    "request_id": "ac_woocommerce_668e2169973fc6.85472805"
} CONTEXT: {"version":"2.7.4","request_id":"ac_woocommerce_668e2169973fc6.85472805"}
2024-07-10T05:51:37+00:00 WARNING You may not have the plan level necessary to access all features in the ActiveCampaign plugin. Please verify your ActiveCampaign account.
Context: {
    "source": "activecampaign-for-woocommerce",
    "version": "2.7.4",
    "request_id": "ac_woocommerce_668e2169973fc6.85472805"
} CONTEXT: {"version":"2.7.4","request_id":"ac_woocommerce_668e2169973fc6.85472805"}
2024-07-10T05:51:48+00:00 WARNING You may not have the plan level necessary to access all features in the ActiveCampaign plugin. Please verify your ActiveCampaign account.
Context: {
    "source": "activecampaign-for-woocommerce",
    "version": "2.7.4",
    "request_id": "ac_woocommerce_668e21741efa53.74588770"
} CONTEXT: {"version":"2.7.4","request_id":"ac_woocommerce_668e21741efa53.74588770"}
2024-07-10T05:51:48+00:00 WARNING You may not have the plan level necessary to access all features in the ActiveCampaign plugin. Please verify your ActiveCampaign account.
Context: {
    "source": "activecampaign-for-woocommerce",
    "version": "2.7.4",
    "request_id": "ac_woocommerce_668e21741efa53.74588770"
} CONTEXT: {"version":"2.7.4","request_id":"ac_woocommerce_668e21741efa53.74588770"}
2024-07-10T05:52:44+00:00 WARNING You may not have the plan level necessary to access all features in the ActiveCampaign plugin. Please verify your ActiveCampaign account.
Context: {
    "source": "activecampaign-for-woocommerce",
    "version": "2.7.4",
    "request_id": "ac_woocommerce_668e21ac2b5425.84955253"
} CONTEXT: {"version":"2.7.4","request_id":"ac_woocommerce_668e21ac2b5425.84955253"}
2024-07-10T05:52:44+00:00 WARNING You may not have the plan level necessary to access all features in the ActiveCampaign plugin. Please verify your ActiveCampaign account.
Context: {
    "source": "activecampaign-for-woocommerce",
    "version": "2.7.4",
    "request_id": "ac_woocommerce_668e21ac2b5425.84955253"
} CONTEXT: {"version":"2.7.4","request_id":"ac_woocommerce_668e21ac2b5425.84955253"}
2024-07-10T05:52:46+00:00 WARNING You may not have the plan level necessary to access all features in the ActiveCampaign plugin. Please verify your ActiveCampaign account.
Context: {
    "source": "activecampaign-for-woocommerce",
    "version": "2.7.4",
    "request_id": "ac_woocommerce_668e21ae6cbe00.18313750"
} CONTEXT: {"version":"2.7.4","request_id":"ac_woocommerce_668e21ae6cbe00.18313750"}
2024-07-10T05:52:46+00:00 WARNING You may not have the plan level necessary to access all features in the ActiveCampaign plugin. Please verify your ActiveCampaign account.
Context: {
    "source": "activecampaign-for-woocommerce",
    "version": "2.7.4",
    "request_id": "ac_woocommerce_668e21ae6cbe00.18313750"
} CONTEXT: {"version":"2.7.4","request_id":"ac_woocommerce_668e21ae6cbe00.18313750"}
2024-07-10T05:53:06+00:00 WARNING You may not have the plan level necessary to access all features in the ActiveCampaign plugin. Please verify your ActiveCampaign account.
Context: {
    "source": "activecampaign-for-woocommerce",
    "version": "2.7.4",
    "request_id": "ac_woocommerce_668e21c28ab0b9.16109254"
} CONTEXT: {"version":"2.7.4","request_id":"ac_woocommerce_668e21c28ab0b9.16109254"}
2024-07-10T05:53:06+00:00 WARNING You may not have the plan level necessary to access all features in the ActiveCampaign plugin. Please verify your ActiveCampaign account.
Context: {
    "source": "activecampaign-for-woocommerce",
    "version": "2.7.4",
    "request_id": "ac_woocommerce_668e21c28ab0b9.16109254"
} CONTEXT: {"version":"2.7.4","request_id":"ac_woocommerce_668e21c28ab0b9.16109254"}
2024-07-10T05:53:08+00:00 WARNING You may not have the plan level necessary to access all features in the ActiveCampaign plugin. Please verify your ActiveCampaign account.
Context: {
    "source": "activecampaign-for-woocommerce",
    "version": "2.7.4",
    "request_id": "ac_woocommerce_668e21c4bd80f0.06129276"
} CONTEXT: {"version":"2.7.4","request_id":"ac_woocommerce_668e21c4bd80f0.06129276"}
2024-07-10T05:53:08+00:00 WARNING You may not have the plan level necessary to access all features in the ActiveCampaign plugin. Please verify your ActiveCampaign account.
Context: {
    "source": "activecampaign-for-woocommerce",
    "version": "2.7.4",
    "request_id": "ac_woocommerce_668e21c4bd80f0.06129276"
} CONTEXT: {"version":"2.7.4","request_id":"ac_woocommerce_668e21c4bd80f0.06129276"}
2024-07-10T05:53:34+00:00 WARNING You may not have the plan level necessary to access all features in the ActiveCampaign plugin. Please verify your ActiveCampaign account.
Context: {
    "source": "activecampaign-for-woocommerce",
    "version": "2.7.4",
    "request_id": "ac_woocommerce_668e21de1f41b2.84858174"
} CONTEXT: {"version":"2.7.4","request_id":"ac_woocommerce_668e21de1f41b2.84858174"}
2024-07-10T05:53:34+00:00 WARNING You may not have the plan level necessary to access all features in the ActiveCampaign plugin. Please verify your ActiveCampaign account.
Context: {
    "source": "activecampaign-for-woocommerce",
    "version": "2.7.4",
    "request_id": "ac_woocommerce_668e21de1f41b2.84858174"
} CONTEXT: {"version":"2.7.4","request_id":"ac_woocommerce_668e21de1f41b2.84858174"}
2024-07-10T05:53:37+00:00 WARNING You may not have the plan level necessary to access all features in the ActiveCampaign plugin. Please verify your ActiveCampaign account.
Context: {
    "source": "activecampaign-for-woocommerce",
    "version": "2.7.4",
    "request_id": "ac_woocommerce_668e21e13f9e07.17557244"
} CONTEXT: {"version":"2.7.4","request_id":"ac_woocommerce_668e21e13f9e07.17557244"}
2024-07-10T05:53:37+00:00 WARNING You may not have the plan level necessary to access all features in the ActiveCampaign plugin. Please verify your ActiveCampaign account.
Context: {
    "source": "activecampaign-for-woocommerce",
    "version": "2.7.4",
    "request_id": "ac_woocommerce_668e21e13f9e07.17557244"
} CONTEXT: {"version":"2.7.4","request_id":"ac_woocommerce_668e21e13f9e07.17557244"}
2024-07-10T05:54:34+00:00 WARNING You may not have the plan level necessary to access all features in the ActiveCampaign plugin. Please verify your ActiveCampaign account.
Context: {
    "source": "activecampaign-for-woocommerce",
    "version": "2.7.4",
    "request_id": "ac_woocommerce_668e221acb3004.05626879"
} CONTEXT: {"version":"2.7.4","request_id":"ac_woocommerce_668e221acb3004.05626879"}
2024-07-10T05:54:34+00:00 WARNING You may not have the plan level necessary to access all features in the ActiveCampaign plugin. Please verify your ActiveCampaign account.
Context: {
    "source": "activecampaign-for-woocommerce",
    "version": "2.7.4",
    "request_id": "ac_woocommerce_668e221acb3004.05626879"
} CONTEXT: {"version":"2.7.4","request_id":"ac_woocommerce_668e221acb3004.05626879"}
2024-07-10T05:54:36+00:00 WARNING You may not have the plan level necessary to access all features in the ActiveCampaign plugin. Please verify your ActiveCampaign account.
Context: {
    "source": "activecampaign-for-woocommerce",
    "version": "2.7.4",
    "request_id": "ac_woocommerce_668e221c4ec538.66467305"
} CONTEXT: {"version":"2.7.4","request_id":"ac_woocommerce_668e221c4ec538.66467305"}
2024-07-10T05:54:36+00:00 WARNING You may not have the plan level necessary to access all features in the ActiveCampaign plugin. Please verify your ActiveCampaign account.
Context: {
    "source": "activecampaign-for-woocommerce",
    "version": "2.7.4",
    "request_id": "ac_woocommerce_668e221c4ec538.66467305"
} CONTEXT: {"version":"2.7.4","request_id":"ac_woocommerce_668e221c4ec538.66467305"}
2024-07-10T05:54:37+00:00 WARNING You may not have the plan level necessary to access all features in the ActiveCampaign plugin. Please verify your ActiveCampaign account.
Context: {
    "source": "activecampaign-for-woocommerce",
    "version": "2.7.4",
    "request_id": "ac_woocommerce_668e221d54fc12.63455476"
} CONTEXT: {"version":"2.7.4","request_id":"ac_woocommerce_668e221d54fc12.63455476"}
2024-07-10T05:54:37+00:00 WARNING You may not have the plan level necessary to access all features in the ActiveCampaign plugin. Please verify your ActiveCampaign account.
Context: {
    "source": "activecampaign-for-woocommerce",
    "version": "2.7.4",
    "request_id": "ac_woocommerce_668e221d54fc12.63455476"
} CONTEXT: {"version":"2.7.4","request_id":"ac_woocommerce_668e221d54fc12.63455476"}
2024-07-10T05:54:37+00:00 WARNING You may not have the plan level necessary to access all features in the ActiveCampaign plugin. Please verify your ActiveCampaign account.
Context: {
    "source": "activecampaign-for-woocommerce",
    "version": "2.7.4",
    "request_id": "ac_woocommerce_668e221d6e7049.71436771"
} CONTEXT: {"version":"2.7.4","request_id":"ac_woocommerce_668e221d6e7049.71436771"}
2024-07-10T05:54:37+00:00 WARNING You may not have the plan level necessary to access all features in the ActiveCampaign plugin. Please verify your ActiveCampaign account.
Context: {
    "source": "activecampaign-for-woocommerce",
    "version": "2.7.4",
    "request_id": "ac_woocommerce_668e221d6e7049.71436771"
} CONTEXT: {"version":"2.7.4","request_id":"ac_woocommerce_668e221d6e7049.71436771"}
2024-07-10T05:54:38+00:00 WARNING You may not have the plan level necessary to access all features in the ActiveCampaign plugin. Please verify your ActiveCampaign account.
Context: {
    "source": "activecampaign-for-woocommerce",
    "version": "2.7.4",
    "request_id": "ac_woocommerce_668e221e770f01.08122608"
} CONTEXT: {"version":"2.7.4","request_id":"ac_woocommerce_668e221e770f01.08122608"}
2024-07-10T05:54:38+00:00 WARNING You may not have the plan level necessary to access all features in the ActiveCampaign plugin. Please verify your ActiveCampaign account.
Context: {
    "source": "activecampaign-for-woocommerce",
    "version": "2.7.4",
    "request_id": "ac_woocommerce_668e221e770f01.08122608"
} CONTEXT: {"version":"2.7.4","request_id":"ac_woocommerce_668e221e770f01.08122608"}
2024-07-10T05:54:39+00:00 WARNING You may not have the plan level necessary to access all features in the ActiveCampaign plugin. Please verify your ActiveCampaign account.
Context: {
    "source": "activecampaign-for-woocommerce",
    "version": "2.7.4",
    "request_id": "ac_woocommerce_668e221fc98f36.29714036"
} CONTEXT: {"version":"2.7.4","request_id":"ac_woocommerce_668e221fc98f36.29714036"}
2024-07-10T05:54:39+00:00 WARNING You may not have the plan level necessary to access all features in the ActiveCampaign plugin. Please verify your ActiveCampaign account.
Context: {
    "source": "activecampaign-for-woocommerce",
    "version": "2.7.4",
    "request_id": "ac_woocommerce_668e221fc98f36.29714036"
} CONTEXT: {"version":"2.7.4","request_id":"ac_woocommerce_668e221fc98f36.29714036"}
2024-07-10T05:54:45+00:00 WARNING You may not have the plan level necessary to access all features in the ActiveCampaign plugin. Please verify your ActiveCampaign account.
Context: {
    "source": "activecampaign-for-woocommerce",
    "version": "2.7.4",
    "request_id": "ac_woocommerce_668e22250d8a14.28448769"
} CONTEXT: {"version":"2.7.4","request_id":"ac_woocommerce_668e22250d8a14.28448769"}
2024-07-10T05:54:45+00:00 WARNING You may not have the plan level necessary to access all features in the ActiveCampaign plugin. Please verify your ActiveCampaign account.
Context: {
    "source": "activecampaign-for-woocommerce",
    "version": "2.7.4",
    "request_id": "ac_woocommerce_668e22250d8a14.28448769"
} CONTEXT: {"version":"2.7.4","request_id":"ac_woocommerce_668e22250d8a14.28448769"}
2024-07-10T05:56:35+00:00 WARNING You may not have the plan level necessary to access all features in the ActiveCampaign plugin. Please verify your ActiveCampaign account.
Context: {
    "source": "activecampaign-for-woocommerce",
    "version": "2.7.4",
    "request_id": "ac_woocommerce_668e229328e7f5.21815843"
} CONTEXT: {"version":"2.7.4","request_id":"ac_woocommerce_668e229328e7f5.21815843"}
2024-07-10T05:56:35+00:00 WARNING You may not have the plan level necessary to access all features in the ActiveCampaign plugin. Please verify your ActiveCampaign account.
Context: {
    "source": "activecampaign-for-woocommerce",
    "version": "2.7.4",
    "request_id": "ac_woocommerce_668e229328e7f5.21815843"
} CONTEXT: {"version":"2.7.4","request_id":"ac_woocommerce_668e229328e7f5.21815843"}
2024-07-10T05:56:36+00:00 WARNING You may not have the plan level necessary to access all features in the ActiveCampaign plugin. Please verify your ActiveCampaign account.
Context: {
    "source": "activecampaign-for-woocommerce",
    "version": "2.7.4",
    "request_id": "ac_woocommerce_668e2294526044.54292668"
} CONTEXT: {"version":"2.7.4","request_id":"ac_woocommerce_668e2294526044.54292668"}
2024-07-10T05:56:36+00:00 WARNING You may not have the plan level necessary to access all features in the ActiveCampaign plugin. Please verify your ActiveCampaign account.
Context: {
    "source": "activecampaign-for-woocommerce",
    "version": "2.7.4",
    "request_id": "ac_woocommerce_668e2294526044.54292668"
} CONTEXT: {"version":"2.7.4","request_id":"ac_woocommerce_668e2294526044.54292668"}
2024-07-10T05:56:37+00:00 WARNING You may not have the plan level necessary to access all features in the ActiveCampaign plugin. Please verify your ActiveCampaign account.
Context: {
    "source": "activecampaign-for-woocommerce",
    "version": "2.7.4",
    "request_id": "ac_woocommerce_668e22959ab7e8.11826679"
} CONTEXT: {"version":"2.7.4","request_id":"ac_woocommerce_668e22959ab7e8.11826679"}
2024-07-10T05:56:37+00:00 WARNING You may not have the plan level necessary to access all features in the ActiveCampaign plugin. Please verify your ActiveCampaign account.
Context: {
    "source": "activecampaign-for-woocommerce",
    "version": "2.7.4",
    "request_id": "ac_woocommerce_668e22959ab7e8.11826679"
} CONTEXT: {"version":"2.7.4","request_id":"ac_woocommerce_668e22959ab7e8.11826679"}
2024-07-10T05:56:38+00:00 WARNING You may not have the plan level necessary to access all features in the ActiveCampaign plugin. Please verify your ActiveCampaign account.
Context: {
    "source": "activecampaign-for-woocommerce",
    "version": "2.7.4",
    "request_id": "ac_woocommerce_668e2296537fb9.28204734"
} CONTEXT: {"version":"2.7.4","request_id":"ac_woocommerce_668e2296537fb9.28204734"}
2024-07-10T05:56:38+00:00 WARNING You may not have the plan level necessary to access all features in the ActiveCampaign plugin. Please verify your ActiveCampaign account.
Context: {
    "source": "activecampaign-for-woocommerce",
    "version": "2.7.4",
    "request_id": "ac_woocommerce_668e2296537fb9.28204734"
} CONTEXT: {"version":"2.7.4","request_id":"ac_woocommerce_668e2296537fb9.28204734"}
2024-07-10T05:56:46+00:00 WARNING You may not have the plan level necessary to access all features in the ActiveCampaign plugin. Please verify your ActiveCampaign account.
Context: {
    "source": "activecampaign-for-woocommerce",
    "version": "2.7.4",
    "request_id": "ac_woocommerce_668e229e231399.91422478"
} CONTEXT: {"version":"2.7.4","request_id":"ac_woocommerce_668e229e231399.91422478"}
2024-07-10T05:56:46+00:00 WARNING You may not have the plan level necessary to access all features in the ActiveCampaign plugin. Please verify your ActiveCampaign account.
Context: {
    "source": "activecampaign-for-woocommerce",
    "version": "2.7.4",
    "request_id": "ac_woocommerce_668e229e231399.91422478"
} CONTEXT: {"version":"2.7.4","request_id":"ac_woocommerce_668e229e231399.91422478"}
2024-07-10T05:58:36+00:00 WARNING You may not have the plan level necessary to access all features in the ActiveCampaign plugin. Please verify your ActiveCampaign account.
Context: {
    "source": "activecampaign-for-woocommerce",
    "version": "2.7.4",
    "request_id": "ac_woocommerce_668e230c274873.68862298"
} CONTEXT: {"version":"2.7.4","request_id":"ac_woocommerce_668e230c274873.68862298"}
2024-07-10T05:58:36+00:00 WARNING You may not have the plan level necessary to access all features in the ActiveCampaign plugin. Please verify your ActiveCampaign account.
Context: {
    "source": "activecampaign-for-woocommerce",
    "version": "2.7.4",
    "request_id": "ac_woocommerce_668e230c274873.68862298"
} CONTEXT: {"version":"2.7.4","request_id":"ac_woocommerce_668e230c274873.68862298"}
2024-07-10T05:58:37+00:00 WARNING You may not have the plan level necessary to access all features in the ActiveCampaign plugin. Please verify your ActiveCampaign account.
Context: {
    "source": "activecampaign-for-woocommerce",
    "version": "2.7.4",
    "request_id": "ac_woocommerce_668e230d5b7d08.76396057"
} CONTEXT: {"version":"2.7.4","request_id":"ac_woocommerce_668e230d5b7d08.76396057"}
2024-07-10T05:58:37+00:00 WARNING You may not have the plan level necessary to access all features in the ActiveCampaign plugin. Please verify your ActiveCampaign account.
Context: {
    "source": "activecampaign-for-woocommerce",
    "version": "2.7.4",
    "request_id": "ac_woocommerce_668e230d5b7d08.76396057"
} CONTEXT: {"version":"2.7.4","request_id":"ac_woocommerce_668e230d5b7d08.76396057"}
2024-07-10T05:58:38+00:00 WARNING You may not have the plan level necessary to access all features in the ActiveCampaign plugin. Please verify your ActiveCampaign account.
Context: {
    "source": "activecampaign-for-woocommerce",
    "version": "2.7.4",
    "request_id": "ac_woocommerce_668e230eb8f495.22695102"
} CONTEXT: {"version":"2.7.4","request_id":"ac_woocommerce_668e230eb8f495.22695102"}
2024-07-10T05:58:38+00:00 WARNING You may not have the plan level necessary to access all features in the ActiveCampaign plugin. Please verify your ActiveCampaign account.
Context: {
    "source": "activecampaign-for-woocommerce",
    "version": "2.7.4",
    "request_id": "ac_woocommerce_668e230eb8f495.22695102"
} CONTEXT: {"version":"2.7.4","request_id":"ac_woocommerce_668e230eb8f495.22695102"}
2024-07-10T05:58:39+00:00 WARNING You may not have the plan level necessary to access all features in the ActiveCampaign plugin. Please verify your ActiveCampaign account.
Context: {
    "source": "activecampaign-for-woocommerce",
    "version": "2.7.4",
    "request_id": "ac_woocommerce_668e230f634ca1.69425450"
} CONTEXT: {"version":"2.7.4","request_id":"ac_woocommerce_668e230f634ca1.69425450"}
2024-07-10T05:58:39+00:00 WARNING You may not have the plan level necessary to access all features in the ActiveCampaign plugin. Please verify your ActiveCampaign account.
Context: {
    "source": "activecampaign-for-woocommerce",
    "version": "2.7.4",
    "request_id": "ac_woocommerce_668e230f634ca1.69425450"
} CONTEXT: {"version":"2.7.4","request_id":"ac_woocommerce_668e230f634ca1.69425450"}
2024-07-10T05:58:40+00:00 WARNING You may not have the plan level necessary to access all features in the ActiveCampaign plugin. Please verify your ActiveCampaign account.
Context: {
    "source": "activecampaign-for-woocommerce",
    "version": "2.7.4",
    "request_id": "ac_woocommerce_668e230ff1e606.93351366"
} CONTEXT: {"version":"2.7.4","request_id":"ac_woocommerce_668e230ff1e606.93351366"}
2024-07-10T05:58:40+00:00 WARNING You may not have the plan level necessary to access all features in the ActiveCampaign plugin. Please verify your ActiveCampaign account.
Context: {
    "source": "activecampaign-for-woocommerce",
    "version": "2.7.4",
    "request_id": "ac_woocommerce_668e230ff1e606.93351366"
} CONTEXT: {"version":"2.7.4","request_id":"ac_woocommerce_668e230ff1e606.93351366"}
2024-07-10T05:58:41+00:00 WARNING You may not have the plan level necessary to access all features in the ActiveCampaign plugin. Please verify your ActiveCampaign account.
Context: {
    "source": "activecampaign-for-woocommerce",
    "version": "2.7.4",
    "request_id": "ac_woocommerce_668e2311398878.44857088"
} CONTEXT: {"version":"2.7.4","request_id":"ac_woocommerce_668e2311398878.44857088"}
2024-07-10T05:58:41+00:00 WARNING You may not have the plan level necessary to access all features in the ActiveCampaign plugin. Please verify your ActiveCampaign account.
Context: {
    "source": "activecampaign-for-woocommerce",
    "version": "2.7.4",
    "request_id": "ac_woocommerce_668e2311398878.44857088"
} CONTEXT: {"version":"2.7.4","request_id":"ac_woocommerce_668e2311398878.44857088"}
2024-07-10T05:58:47+00:00 WARNING You may not have the plan level necessary to access all features in the ActiveCampaign plugin. Please verify your ActiveCampaign account.
Context: {
    "source": "activecampaign-for-woocommerce",
    "version": "2.7.4",
    "request_id": "ac_woocommerce_668e23170cdf47.18278219"
} CONTEXT: {"version":"2.7.4","request_id":"ac_woocommerce_668e23170cdf47.18278219"}
2024-07-10T05:58:47+00:00 WARNING You may not have the plan level necessary to access all features in the ActiveCampaign plugin. Please verify your ActiveCampaign account.
Context: {
    "source": "activecampaign-for-woocommerce",
    "version": "2.7.4",
    "request_id": "ac_woocommerce_668e23170cdf47.18278219"
} CONTEXT: {"version":"2.7.4","request_id":"ac_woocommerce_668e23170cdf47.18278219"}
2024-07-10T06:00:37+00:00 WARNING You may not have the plan level necessary to access all features in the ActiveCampaign plugin. Please verify your ActiveCampaign account.
Context: {
    "source": "activecampaign-for-woocommerce",
    "version": "2.7.4",
    "request_id": "ac_woocommerce_668e23852a7974.80285471"
} CONTEXT: {"version":"2.7.4","request_id":"ac_woocommerce_668e23852a7974.80285471"}
2024-07-10T06:00:37+00:00 WARNING You may not have the plan level necessary to access all features in the ActiveCampaign plugin. Please verify your ActiveCampaign account.
Context: {
    "source": "activecampaign-for-woocommerce",
    "version": "2.7.4",
    "request_id": "ac_woocommerce_668e23852a7974.80285471"
} CONTEXT: {"version":"2.7.4","request_id":"ac_woocommerce_668e23852a7974.80285471"}
2024-07-10T06:00:38+00:00 WARNING You may not have the plan level necessary to access all features in the ActiveCampaign plugin. Please verify your ActiveCampaign account.
Context: {
    "source": "activecampaign-for-woocommerce",
    "version": "2.7.4",
    "request_id": "ac_woocommerce_668e238625c9c4.11593899"
} CONTEXT: {"version":"2.7.4","request_id":"ac_woocommerce_668e238625c9c4.11593899"}
2024-07-10T06:00:38+00:00 WARNING You may not have the plan level necessary to access all features in the ActiveCampaign plugin. Please verify your ActiveCampaign account.
Context: {
    "source": "activecampaign-for-woocommerce",
    "version": "2.7.4",
    "request_id": "ac_woocommerce_668e238625c9c4.11593899"
} CONTEXT: {"version":"2.7.4","request_id":"ac_woocommerce_668e238625c9c4.11593899"}
2024-07-10T06:00:39+00:00 WARNING You may not have the plan level necessary to access all features in the ActiveCampaign plugin. Please verify your ActiveCampaign account.
Context: {
    "source": "activecampaign-for-woocommerce",
    "version": "2.7.4",
    "request_id": "ac_woocommerce_668e23875fa268.19323868"
} CONTEXT: {"version":"2.7.4","request_id":"ac_woocommerce_668e23875fa268.19323868"}
2024-07-10T06:00:39+00:00 WARNING You may not have the plan level necessary to access all features in the ActiveCampaign plugin. Please verify your ActiveCampaign account.
Context: {
    "source": "activecampaign-for-woocommerce",
    "version": "2.7.4",
    "request_id": "ac_woocommerce_668e23875fa268.19323868"
} CONTEXT: {"version":"2.7.4","request_id":"ac_woocommerce_668e23875fa268.19323868"}
2024-07-10T06:00:40+00:00 WARNING You may not have the plan level necessary to access all features in the ActiveCampaign plugin. Please verify your ActiveCampaign account.
Context: {
    "source": "activecampaign-for-woocommerce",
    "version": "2.7.4",
    "request_id": "ac_woocommerce_668e23883000c3.21232794"
} CONTEXT: {"version":"2.7.4","request_id":"ac_woocommerce_668e23883000c3.21232794"}
2024-07-10T06:00:40+00:00 WARNING You may not have the plan level necessary to access all features in the ActiveCampaign plugin. Please verify your ActiveCampaign account.
Context: {
    "source": "activecampaign-for-woocommerce",
    "version": "2.7.4",
    "request_id": "ac_woocommerce_668e23883000c3.21232794"
} CONTEXT: {"version":"2.7.4","request_id":"ac_woocommerce_668e23883000c3.21232794"}
2024-07-10T06:00:48+00:00 WARNING You may not have the plan level necessary to access all features in the ActiveCampaign plugin. Please verify your ActiveCampaign account.
Context: {
    "source": "activecampaign-for-woocommerce",
    "version": "2.7.4",
    "request_id": "ac_woocommerce_668e23901bc737.06065324"
} CONTEXT: {"version":"2.7.4","request_id":"ac_woocommerce_668e23901bc737.06065324"}
2024-07-10T06:00:48+00:00 WARNING You may not have the plan level necessary to access all features in the ActiveCampaign plugin. Please verify your ActiveCampaign account.
Context: {
    "source": "activecampaign-for-woocommerce",
    "version": "2.7.4",
    "request_id": "ac_woocommerce_668e23901bc737.06065324"
} CONTEXT: {"version":"2.7.4","request_id":"ac_woocommerce_668e23901bc737.06065324"}
2024-07-10T06:02:38+00:00 WARNING You may not have the plan level necessary to access all features in the ActiveCampaign plugin. Please verify your ActiveCampaign account.
Context: {
    "source": "activecampaign-for-woocommerce",
    "version": "2.7.4",
    "request_id": "ac_woocommerce_668e23fe27d668.47817545"
} CONTEXT: {"version":"2.7.4","request_id":"ac_woocommerce_668e23fe27d668.47817545"}
2024-07-10T06:02:38+00:00 WARNING You may not have the plan level necessary to access all features in the ActiveCampaign plugin. Please verify your ActiveCampaign account.
Context: {
    "source": "activecampaign-for-woocommerce",
    "version": "2.7.4",
    "request_id": "ac_woocommerce_668e23fe27d668.47817545"
} CONTEXT: {"version":"2.7.4","request_id":"ac_woocommerce_668e23fe27d668.47817545"}
2024-07-10T06:02:39+00:00 WARNING You may not have the plan level necessary to access all features in the ActiveCampaign plugin. Please verify your ActiveCampaign account.
Context: {
    "source": "activecampaign-for-woocommerce",
    "version": "2.7.4",
    "request_id": "ac_woocommerce_668e23ff434431.50918038"
} CONTEXT: {"version":"2.7.4","request_id":"ac_woocommerce_668e23ff434431.50918038"}
2024-07-10T06:02:39+00:00 WARNING You may not have the plan level necessary to access all features in the ActiveCampaign plugin. Please verify your ActiveCampaign account.
Context: {
    "source": "activecampaign-for-woocommerce",
    "version": "2.7.4",
    "request_id": "ac_woocommerce_668e23ff434431.50918038"
} CONTEXT: {"version":"2.7.4","request_id":"ac_woocommerce_668e23ff434431.50918038"}
2024-07-10T06:02:40+00:00 WARNING You may not have the plan level necessary to access all features in the ActiveCampaign plugin. Please verify your ActiveCampaign account.
Context: {
    "source": "activecampaign-for-woocommerce",
    "version": "2.7.4",
    "request_id": "ac_woocommerce_668e2400966d17.63229769"
} CONTEXT: {"version":"2.7.4","request_id":"ac_woocommerce_668e2400966d17.63229769"}
2024-07-10T06:02:40+00:00 WARNING You may not have the plan level necessary to access all features in the ActiveCampaign plugin. Please verify your ActiveCampaign account.
Context: {
    "source": "activecampaign-for-woocommerce",
    "version": "2.7.4",
    "request_id": "ac_woocommerce_668e2400966d17.63229769"
} CONTEXT: {"version":"2.7.4","request_id":"ac_woocommerce_668e2400966d17.63229769"}
2024-07-10T06:02:41+00:00 WARNING You may not have the plan level necessary to access all features in the ActiveCampaign plugin. Please verify your ActiveCampaign account.
Context: {
    "source": "activecampaign-for-woocommerce",
    "version": "2.7.4",
    "request_id": "ac_woocommerce_668e2401592fa7.81300005"
} CONTEXT: {"version":"2.7.4","request_id":"ac_woocommerce_668e2401592fa7.81300005"}
2024-07-10T06:02:41+00:00 WARNING You may not have the plan level necessary to access all features in the ActiveCampaign plugin. Please verify your ActiveCampaign account.
Context: {
    "source": "activecampaign-for-woocommerce",
    "version": "2.7.4",
    "request_id": "ac_woocommerce_668e2401592fa7.81300005"
} CONTEXT: {"version":"2.7.4","request_id":"ac_woocommerce_668e2401592fa7.81300005"}
2024-07-10T06:02:41+00:00 WARNING You may not have the plan level necessary to access all features in the ActiveCampaign plugin. Please verify your ActiveCampaign account.
Context: {
    "source": "activecampaign-for-woocommerce",
    "version": "2.7.4",
    "request_id": "ac_woocommerce_668e2401bfd7e6.32010858"
} CONTEXT: {"version":"2.7.4","request_id":"ac_woocommerce_668e2401bfd7e6.32010858"}
2024-07-10T06:02:41+00:00 WARNING You may not have the plan level necessary to access all features in the ActiveCampaign plugin. Please verify your ActiveCampaign account.
Context: {
    "source": "activecampaign-for-woocommerce",
    "version": "2.7.4",
    "request_id": "ac_woocommerce_668e2401bfd7e6.32010858"
} CONTEXT: {"version":"2.7.4","request_id":"ac_woocommerce_668e2401bfd7e6.32010858"}
2024-07-10T06:02:43+00:00 WARNING You may not have the plan level necessary to access all features in the ActiveCampaign plugin. Please verify your ActiveCampaign account.
Context: {
    "source": "activecampaign-for-woocommerce",
    "version": "2.7.4",
    "request_id": "ac_woocommerce_668e24031fa0c0.34776464"
} CONTEXT: {"version":"2.7.4","request_id":"ac_woocommerce_668e24031fa0c0.34776464"}
2024-07-10T06:02:43+00:00 WARNING You may not have the plan level necessary to access all features in the ActiveCampaign plugin. Please verify your ActiveCampaign account.
Context: {
    "source": "activecampaign-for-woocommerce",
    "version": "2.7.4",
    "request_id": "ac_woocommerce_668e24031fa0c0.34776464"
} CONTEXT: {"version":"2.7.4","request_id":"ac_woocommerce_668e24031fa0c0.34776464"}
2024-07-10T06:02:49+00:00 WARNING You may not have the plan level necessary to access all features in the ActiveCampaign plugin. Please verify your ActiveCampaign account.
Context: {
    "source": "activecampaign-for-woocommerce",
    "version": "2.7.4",
    "request_id": "ac_woocommerce_668e24092c3266.93671902"
} CONTEXT: {"version":"2.7.4","request_id":"ac_woocommerce_668e24092c3266.93671902"}
2024-07-10T06:02:49+00:00 WARNING You may not have the plan level necessary to access all features in the ActiveCampaign plugin. Please verify your ActiveCampaign account.
Context: {
    "source": "activecampaign-for-woocommerce",
    "version": "2.7.4",
    "request_id": "ac_woocommerce_668e24092c3266.93671902"
} CONTEXT: {"version":"2.7.4","request_id":"ac_woocommerce_668e24092c3266.93671902"}
2024-07-10T06:04:39+00:00 WARNING You may not have the plan level necessary to access all features in the ActiveCampaign plugin. Please verify your ActiveCampaign account.
Context: {
    "source": "activecampaign-for-woocommerce",
    "version": "2.7.4",
    "request_id": "ac_woocommerce_668e247728baf9.65859717"
} CONTEXT: {"version":"2.7.4","request_id":"ac_woocommerce_668e247728baf9.65859717"}
2024-07-10T06:04:39+00:00 WARNING You may not have the plan level necessary to access all features in the ActiveCampaign plugin. Please verify your ActiveCampaign account.
Context: {
    "source": "activecampaign-for-woocommerce",
    "version": "2.7.4",
    "request_id": "ac_woocommerce_668e247728baf9.65859717"
} CONTEXT: {"version":"2.7.4","request_id":"ac_woocommerce_668e247728baf9.65859717"}
2024-07-10T06:04:40+00:00 WARNING You may not have the plan level necessary to access all features in the ActiveCampaign plugin. Please verify your ActiveCampaign account.
Context: {
    "source": "activecampaign-for-woocommerce",
    "version": "2.7.4",
    "request_id": "ac_woocommerce_668e24781cff47.36319188"
} CONTEXT: {"version":"2.7.4","request_id":"ac_woocommerce_668e24781cff47.36319188"}
2024-07-10T06:04:40+00:00 WARNING You may not have the plan level necessary to access all features in the ActiveCampaign plugin. Please verify your ActiveCampaign account.
Context: {
    "source": "activecampaign-for-woocommerce",
    "version": "2.7.4",
    "request_id": "ac_woocommerce_668e24781cff47.36319188"
} CONTEXT: {"version":"2.7.4","request_id":"ac_woocommerce_668e24781cff47.36319188"}
2024-07-10T06:04:41+00:00 WARNING You may not have the plan level necessary to access all features in the ActiveCampaign plugin. Please verify your ActiveCampaign account.
Context: {
    "source": "activecampaign-for-woocommerce",
    "version": "2.7.4",
    "request_id": "ac_woocommerce_668e24797db376.72775750"
} CONTEXT: {"version":"2.7.4","request_id":"ac_woocommerce_668e24797db376.72775750"}
2024-07-10T06:04:41+00:00 WARNING You may not have the plan level necessary to access all features in the ActiveCampaign plugin. Please verify your ActiveCampaign account.
Context: {
    "source": "activecampaign-for-woocommerce",
    "version": "2.7.4",
    "request_id": "ac_woocommerce_668e24797db376.72775750"
} CONTEXT: {"version":"2.7.4","request_id":"ac_woocommerce_668e24797db376.72775750"}
2024-07-10T06:04:42+00:00 WARNING You may not have the plan level necessary to access all features in the ActiveCampaign plugin. Please verify your ActiveCampaign account.
Context: {
    "source": "activecampaign-for-woocommerce",
    "version": "2.7.4",
    "request_id": "ac_woocommerce_668e247a26c589.32962027"
} CONTEXT: {"version":"2.7.4","request_id":"ac_woocommerce_668e247a26c589.32962027"}
2024-07-10T06:04:42+00:00 WARNING You may not have the plan level necessary to access all features in the ActiveCampaign plugin. Please verify your ActiveCampaign account.
Context: {
    "source": "activecampaign-for-woocommerce",
    "version": "2.7.4",
    "request_id": "ac_woocommerce_668e247a26c589.32962027"
} CONTEXT: {"version":"2.7.4","request_id":"ac_woocommerce_668e247a26c589.32962027"}
2024-07-10T06:04:50+00:00 WARNING You may not have the plan level necessary to access all features in the ActiveCampaign plugin. Please verify your ActiveCampaign account.
Context: {
    "source": "activecampaign-for-woocommerce",
    "version": "2.7.4",
    "request_id": "ac_woocommerce_668e24821a6bf6.47849618"
} CONTEXT: {"version":"2.7.4","request_id":"ac_woocommerce_668e24821a6bf6.47849618"}
2024-07-10T06:04:50+00:00 WARNING You may not have the plan level necessary to access all features in the ActiveCampaign plugin. Please verify your ActiveCampaign account.
Context: {
    "source": "activecampaign-for-woocommerce",
    "version": "2.7.4",
    "request_id": "ac_woocommerce_668e24821a6bf6.47849618"
} CONTEXT: {"version":"2.7.4","request_id":"ac_woocommerce_668e24821a6bf6.47849618"}
